Character Name: Mylie Debug
id;timepoint;recurring
queued eocs:
lab_1x1x2_RES_8_check_MAINT;0 seconds
lab_security_check;0 seconds
lab_security_check_surface_1;0 seconds
lab_check_magenta_security_drop;1 second
lab_cyan_mutagen_check_3;1 second
lab_cyan_mutagen_check;3 seconds
lab_1x1x2_RES_8_check_SEC;4 seconds
lab_pink_mutagen_check_3;4 seconds
lab_concourse_bot_release_2;6 seconds
lab_concourse_bot_release;7 seconds
lab_pink_mutagen_check_4;7 seconds
lab_security_check_surface_3;9 seconds
lab_security_check_surface_2;9 seconds
lab_cyan_mutagen_check_2;14 seconds
lab_cyan_mutagen_check_4;16 seconds
lab_pink_mutagen_check_2;16 seconds
lab_magenta_security_check;21 seconds
lab_pink_mutagen_check;23 seconds
bio_leaky;24 seconds
bio_itchy;30 minutes and 58 seconds
EOC_PORTAL_DEPENDENT_EFFECTS_REJECTION;32 minutes and 41 seconds
bio_trip;34 minutes and 22 seconds
EOC_PORTAL_DEPENDENT_EFFECTS_ACCEPTANCE;35 minutes and 3 seconds
changing_initiate_check;35 minutes and 50 seconds
bio_drain;46 minutes and 59 seconds
bio_glowy;48 minutes and 21 seconds
bio_noise;59 minutes and 41 seconds
changing_mutate;1 hour and 1 minute
bio_sleepy;1 hour and 6 minutes
bio_shakes;1 hour and 58 minutes
bio_spasm;2 hours and 56 minutes
mut_eyestalk;9 hours and 25 minutes
inactive eocs:
